#! /c/Source/iverilog-install/bin/vvp
:ivl_version "12.0 (devel)" "(s20150603-1539-g2693dd32b)";
:ivl_delay_selection "TYPICAL";
:vpi_time_precision - 12;
:vpi_module "C:\iverilog\lib\ivl\system.vpi";
:vpi_module "C:\iverilog\lib\ivl\vhdl_sys.vpi";
:vpi_module "C:\iverilog\lib\ivl\vhdl_textio.vpi";
:vpi_module "C:\iverilog\lib\ivl\v2005_math.vpi";
:vpi_module "C:\iverilog\lib\ivl\va_math.vpi";
S_000001867b255910 .scope module, "adder4bit2" "adder4bit2" 2 3;
 .timescale 0 0;
    .port_info 0 /INPUT 4 "a";
    .port_info 1 /INPUT 4 "b";
    .port_info 2 /OUTPUT 5 "s";
v000001867b255c30_0 .net *"_ivl_0", 4 0, L_000001867b2aab50;  1 drivers
L_000001867b2ac898 .functor BUFT 1, C4<0>, C4<0>, C4<0>, C4<0>;
v000001867b255cd0_0 .net *"_ivl_3", 0 0, L_000001867b2ac898;  1 drivers
v000001867b31dc80_0 .net *"_ivl_4", 4 0, L_000001867b2ab410;  1 drivers
L_000001867b2ac8e0 .functor BUFT 1, C4<0>, C4<0>, C4<0>, C4<0>;
v000001867b31dd20_0 .net *"_ivl_7", 0 0, L_000001867b2ac8e0;  1 drivers
o000001867b25c078 .functor BUFZ 4, C4<zzzz>; HiZ drive
v000001867b31ddc0_0 .net "a", 3 0, o000001867b25c078;  0 drivers
o000001867b25c0a8 .functor BUFZ 4, C4<zzzz>; HiZ drive
v000001867b31de60_0 .net "b", 3 0, o000001867b25c0a8;  0 drivers
v000001867b222ce0_0 .net "s", 4 0, L_000001867b2aa970;  1 drivers
L_000001867b2aab50 .concat [ 4 1 0 0], o000001867b25c078, L_000001867b2ac898;
L_000001867b2ab410 .concat [ 4 1 0 0], o000001867b25c0a8, L_000001867b2ac8e0;
L_000001867b2aa970 .arith/sum 5, L_000001867b2aab50, L_000001867b2ab410;
S_000001867b255aa0 .scope module, "adder4bit_test" "adder4bit_test" 3 5;
 .timescale -9 -12;
P_000001867b31a090 .param/l "STEP" 0 3 10, +C4<00000000000000000000000001100100>;
v000001867b2a98c0_0 .var "a", 7 0;
v000001867b2a9a00_0 .var "b", 7 0;
v000001867b2aa0e0_0 .net "res", 8 0, L_000001867b2ab190;  1 drivers
S_000001867b222d80 .scope module, "tashichan" "adder8bit" 3 13, 2 12 0, S_000001867b255aa0;
 .timescale 0 0;
    .port_info 0 /INPUT 8 "a";
    .port_info 1 /INPUT 8 "b";
    .port_info 2 /OUTPUT 9 "s";
v000001867b222f10_0 .net *"_ivl_0", 8 0, L_000001867b2ac130;  1 drivers
L_000001867b2ac928 .functor BUFT 1, C4<0>, C4<0>, C4<0>, C4<0>;
v000001867b2a9dc0_0 .net *"_ivl_3", 0 0, L_000001867b2ac928;  1 drivers
v000001867b2a9e60_0 .net *"_ivl_4", 8 0, L_000001867b2ab4b0;  1 drivers
L_000001867b2ac970 .functor BUFT 1, C4<0>, C4<0>, C4<0>, C4<0>;
v000001867b2aa360_0 .net *"_ivl_7", 0 0, L_000001867b2ac970;  1 drivers
v000001867b2a9f00_0 .net "a", 7 0, v000001867b2a98c0_0;  1 drivers
v000001867b2aa400_0 .net "b", 7 0, v000001867b2a9a00_0;  1 drivers
v000001867b2a9fa0_0 .net "s", 8 0, L_000001867b2ab190;  alias, 1 drivers
L_000001867b2ac130 .concat [ 8 1 0 0], v000001867b2a98c0_0, L_000001867b2ac928;
L_000001867b2ab4b0 .concat [ 8 1 0 0], v000001867b2a9a00_0, L_000001867b2ac970;
L_000001867b2ab190 .arith/sum 9, L_000001867b2ac130, L_000001867b2ab4b0;
S_000001867b31daf0 .scope module, "full_tasizan" "full_tasizan" 4 2;
 .timescale 0 0;
    .port_info 0 /INPUT 1 "A";
    .port_info 1 /INPUT 1 "B";
    .port_info 2 /INPUT 1 "Cin";
    .port_info 3 /OUTPUT 1 "Cout";
    .port_info 4 /OUTPUT 1 "S";
L_000001867b24be80 .functor OR 1, L_000001867b24c120, L_000001867b24bd30, C4<0>, C4<0>;
o000001867b25c378 .functor BUFZ 1, C4<z>; HiZ drive
v000001867b2aa220_0 .net "A", 0 0, o000001867b25c378;  0 drivers
o000001867b25c3a8 .functor BUFZ 1, C4<z>; HiZ drive
v000001867b2aa680_0 .net "B", 0 0, o000001867b25c3a8;  0 drivers
v000001867b2a9b40_0 .net "C0", 0 0, L_000001867b24c120;  1 drivers
v000001867b2aa7c0_0 .net "C1", 0 0, L_000001867b24bd30;  1 drivers
o000001867b25c4f8 .functor BUFZ 1, C4<z>; HiZ drive
v000001867b2a9960_0 .net "Cin", 0 0, o000001867b25c4f8;  0 drivers
v000001867b2aa2c0_0 .net "Cout", 0 0, L_000001867b24be80;  1 drivers
v000001867b2aa4a0_0 .net "S", 0 0, L_000001867b24c270;  1 drivers
v000001867b2aa540_0 .net "S0", 0 0, L_000001867b24bda0;  1 drivers
S_000001867b222fb0 .scope module, "ha0" "half_tasizan" 4 7, 5 3 0, S_000001867b31daf0;
 .timescale 0 0;
    .port_info 0 /INPUT 1 "A";
    .port_info 1 /INPUT 1 "B";
    .port_info 2 /OUTPUT 1 "C";
    .port_info 3 /OUTPUT 1 "S";
L_000001867b24c120 .functor AND 1, o000001867b25c378, o000001867b25c3a8, C4<1>, C4<1>;
L_000001867b24bda0 .functor XOR 1, o000001867b25c378, o000001867b25c3a8, C4<0>, C4<0>;
v000001867b2a9be0_0 .net "A", 0 0, o000001867b25c378;  alias, 0 drivers
v000001867b2a9c80_0 .net "B", 0 0, o000001867b25c3a8;  alias, 0 drivers
v000001867b2a9d20_0 .net "C", 0 0, L_000001867b24c120;  alias, 1 drivers
v000001867b2aa5e0_0 .net "S", 0 0, L_000001867b24bda0;  alias, 1 drivers
S_000001867b254630 .scope module, "ha1" "half_tasizan" 4 8, 5 3 0, S_000001867b31daf0;
 .timescale 0 0;
    .port_info 0 /INPUT 1 "A";
    .port_info 1 /INPUT 1 "B";
    .port_info 2 /OUTPUT 1 "C";
    .port_info 3 /OUTPUT 1 "S";
L_000001867b24bd30 .functor AND 1, L_000001867b24bda0, o000001867b25c4f8, C4<1>, C4<1>;
L_000001867b24c270 .functor XOR 1, L_000001867b24bda0, o000001867b25c4f8, C4<0>, C4<0>;
v000001867b2a9aa0_0 .net "A", 0 0, L_000001867b24bda0;  alias, 1 drivers
v000001867b2aa040_0 .net "B", 0 0, o000001867b25c4f8;  alias, 0 drivers
v000001867b2aa180_0 .net "C", 0 0, L_000001867b24bd30;  alias, 1 drivers
v000001867b2aa720_0 .net "S", 0 0, L_000001867b24c270;  alias, 1 drivers
    .scope S_000001867b255aa0;
T_0 ;
    %pushi/vec4 0, 0, 8;
    %store/vec4 v000001867b2a98c0_0, 0, 8;
    %pushi/vec4 0, 0, 8;
    %store/vec4 v000001867b2a9a00_0, 0, 8;
    %delay 100000, 0;
    %pushi/vec4 100, 0, 8;
    %store/vec4 v000001867b2a98c0_0, 0, 8;
    %pushi/vec4 77, 0, 8;
    %store/vec4 v000001867b2a9a00_0, 0, 8;
    %delay 100000, 0;
    %pushi/vec4 70, 0, 8;
    %store/vec4 v000001867b2a98c0_0, 0, 8;
    %pushi/vec4 35, 0, 8;
    %store/vec4 v000001867b2a9a00_0, 0, 8;
    %delay 100000, 0;
    %vpi_call 3 22 "$finish" {0 0 0};
    %end;
    .thread T_0;
    .scope S_000001867b255aa0;
T_1 ;
    %vpi_call 3 26 "$monitor", $stime, " a=%b b=%b res=%b", v000001867b2a98c0_0, v000001867b2a9a00_0, v000001867b2aa0e0_0 {0 0 0};
    %vpi_call 3 27 "$dumpfile", "adder4bit_test.vcd" {0 0 0};
    %vpi_call 3 28 "$dumpvars", 32'sb00000000000000000000000000000000, S_000001867b255aa0 {0 0 0};
    %end;
    .thread T_1;
# The file index is used to find the file name in the following table.
:file_names 6;
    "N/A";
    "<interactive>";
    ".\adder4bit2.v";
    ".\adder4bit_test.v";
    ".\fulladder.v";
    ".\halfadder.v";
