#! /c/Source/iverilog-install/bin/vvp
:ivl_version "12.0 (devel)" "(s20150603-1539-g2693dd32b)";
:ivl_delay_selection "TYPICAL";
:vpi_time_precision - 12;
:vpi_module "C:\iverilog\lib\ivl\system.vpi";
:vpi_module "C:\iverilog\lib\ivl\vhdl_sys.vpi";
:vpi_module "C:\iverilog\lib\ivl\vhdl_textio.vpi";
:vpi_module "C:\iverilog\lib\ivl\v2005_math.vpi";
:vpi_module "C:\iverilog\lib\ivl\va_math.vpi";
S_000002243f18c270 .scope module, "counter10_test" "counter10_test" 2 4;
 .timescale -9 -12;
P_000002243f185bf0 .param/l "STEP" 0 2 10, +C4<00000000000000000000001111101000>;
v000002243f1edc40_0 .var "clk", 0 0;
v000002243f1ed100_0 .net "cnt", 3 0, L_000002243f18a660;  1 drivers
v000002243f1ed7e0_0 .var "rst", 0 0;
S_000002243f18e4e0 .scope module, "counter10_0" "counter10" 2 13, 3 3 0, S_000002243f18c270;
 .timescale 0 0;
    .port_info 0 /INPUT 1 "clk";
    .port_info 1 /INPUT 1 "rst";
    .port_info 2 /OUTPUT 4 "cnt";
L_000002243f18a660 .functor BUFZ 4, L_000002243f1ed1a0, C4<0000>, C4<0000>, C4<0000>;
v000002243f18f9b0_0 .net "clk", 0 0, v000002243f1edc40_0;  1 drivers
v000002243f18fa50_0 .net "cnt", 3 0, L_000002243f18a660;  alias, 1 drivers
v000002243f18faf0_0 .net "d", 3 0, L_000002243f1ed6a0;  1 drivers
v000002243f1ed920_0 .net "q", 3 0, L_000002243f1ed1a0;  1 drivers
v000002243f1ed600_0 .net "rst", 0 0, v000002243f1ed7e0_0;  1 drivers
L_000002243f1ed6a0 .ufunc/vec4 TD_counter10_test.counter10_0.incr, 4, L_000002243f1ed1a0 (v000002243f18fff0_0) S_000002243f162cc0;
S_000002243f195e90 .scope module, "dff4_0" "dff4bit" 3 32, 4 3 0, S_000002243f18e4e0;
 .timescale 0 0;
    .port_info 0 /INPUT 1 "clk";
    .port_info 1 /INPUT 1 "rst";
    .port_info 2 /INPUT 4 "d";
    .port_info 3 /OUTPUT 4 "q";
v000002243f18ff50_0 .net "clk", 0 0, v000002243f1edc40_0;  alias, 1 drivers
v000002243f18f7d0_0 .net "d", 3 0, L_000002243f1ed6a0;  alias, 1 drivers
v000002243f18fcd0_0 .net "q", 3 0, L_000002243f1ed1a0;  alias, 1 drivers
v000002243f18fe10_0 .net "rst", 0 0, v000002243f1ed7e0_0;  alias, 1 drivers
L_000002243f1ecde0 .part L_000002243f1ed6a0, 0, 1;
L_000002243f1ec3e0 .part L_000002243f1ed6a0, 1, 1;
L_000002243f1ec660 .part L_000002243f1ed6a0, 2, 1;
L_000002243f1ec480 .part L_000002243f1ed6a0, 3, 1;
L_000002243f1ed1a0 .concat8 [ 1 1 1 1], v000002243f18f410_0, v000002243f190270_0, v000002243f18fc30_0, v000002243f18fb90_0;
S_000002243f196020 .scope module, "dff0" "dff" 4 10, 5 3 0, S_000002243f195e90;
 .timescale 0 0;
    .port_info 0 /INPUT 1 "CLK";
    .port_info 1 /INPUT 1 "RST";
    .port_info 2 /INPUT 1 "D";
    .port_info 3 /OUTPUT 1 "Q";
v000002243f190130_0 .net "CLK", 0 0, v000002243f1edc40_0;  alias, 1 drivers
v000002243f18f550_0 .net "D", 0 0, L_000002243f1ecde0;  1 drivers
v000002243f18f410_0 .var "Q", 0 0;
v000002243f18f4b0_0 .net "RST", 0 0, v000002243f1ed7e0_0;  alias, 1 drivers
E_000002243f185cf0/0 .event negedge, v000002243f18f4b0_0;
E_000002243f185cf0/1 .event posedge, v000002243f190130_0;
E_000002243f185cf0 .event/or E_000002243f185cf0/0, E_000002243f185cf0/1;
S_000002243f2dda20 .scope module, "dff1" "dff" 4 11, 5 3 0, S_000002243f195e90;
 .timescale 0 0;
    .port_info 0 /INPUT 1 "CLK";
    .port_info 1 /INPUT 1 "RST";
    .port_info 2 /INPUT 1 "D";
    .port_info 3 /OUTPUT 1 "Q";
v000002243f18f5f0_0 .net "CLK", 0 0, v000002243f1edc40_0;  alias, 1 drivers
v000002243f1901d0_0 .net "D", 0 0, L_000002243f1ec3e0;  1 drivers
v000002243f190270_0 .var "Q", 0 0;
v000002243f18fd70_0 .net "RST", 0 0, v000002243f1ed7e0_0;  alias, 1 drivers
S_000002243f2ddbb0 .scope module, "dff2" "dff" 4 12, 5 3 0, S_000002243f195e90;
 .timescale 0 0;
    .port_info 0 /INPUT 1 "CLK";
    .port_info 1 /INPUT 1 "RST";
    .port_info 2 /INPUT 1 "D";
    .port_info 3 /OUTPUT 1 "Q";
v000002243f190310_0 .net "CLK", 0 0, v000002243f1edc40_0;  alias, 1 drivers
v000002243f18f910_0 .net "D", 0 0, L_000002243f1ec660;  1 drivers
v000002243f18fc30_0 .var "Q", 0 0;
v000002243f190090_0 .net "RST", 0 0, v000002243f1ed7e0_0;  alias, 1 drivers
S_000002243f162b30 .scope module, "dff3" "dff" 4 13, 5 3 0, S_000002243f195e90;
 .timescale 0 0;
    .port_info 0 /INPUT 1 "CLK";
    .port_info 1 /INPUT 1 "RST";
    .port_info 2 /INPUT 1 "D";
    .port_info 3 /OUTPUT 1 "Q";
v000002243f18f690_0 .net "CLK", 0 0, v000002243f1edc40_0;  alias, 1 drivers
v000002243f18f730_0 .net "D", 0 0, L_000002243f1ec480;  1 drivers
v000002243f18fb90_0 .var "Q", 0 0;
v000002243f18f870_0 .net "RST", 0 0, v000002243f1ed7e0_0;  alias, 1 drivers
S_000002243f162cc0 .scope function.vec4.s4, "incr" "incr" 3 11, 3 11 0, S_000002243f18e4e0;
 .timescale 0 0;
; Variable incr is vec4 return value of scope S_000002243f162cc0
v000002243f18fff0_0 .var "invar", 3 0;
TD_counter10_test.counter10_0.incr ;
    %load/vec4 v000002243f18fff0_0;
    %dup/vec4;
    %pushi/vec4 0, 0, 4;
    %cmp/u;
    %jmp/1 T_0.0, 6;
    %dup/vec4;
    %pushi/vec4 1, 0, 4;
    %cmp/u;
    %jmp/1 T_0.1, 6;
    %dup/vec4;
    %pushi/vec4 2, 0, 4;
    %cmp/u;
    %jmp/1 T_0.2, 6;
    %dup/vec4;
    %pushi/vec4 3, 0, 4;
    %cmp/u;
    %jmp/1 T_0.3, 6;
    %dup/vec4;
    %pushi/vec4 4, 0, 4;
    %cmp/u;
    %jmp/1 T_0.4, 6;
    %dup/vec4;
    %pushi/vec4 5, 0, 4;
    %cmp/u;
    %jmp/1 T_0.5, 6;
    %dup/vec4;
    %pushi/vec4 6, 0, 4;
    %cmp/u;
    %jmp/1 T_0.6, 6;
    %dup/vec4;
    %pushi/vec4 7, 0, 4;
    %cmp/u;
    %jmp/1 T_0.7, 6;
    %dup/vec4;
    %pushi/vec4 8, 0, 4;
    %cmp/u;
    %jmp/1 T_0.8, 6;
    %dup/vec4;
    %pushi/vec4 9, 0, 4;
    %cmp/u;
    %jmp/1 T_0.9, 6;
    %pushi/vec4 0, 0, 4;
    %ret/vec4 0, 0, 4;  Assign to incr (store_vec4_to_lval)
    %jmp T_0.11;
T_0.0 ;
    %pushi/vec4 1, 0, 4;
    %ret/vec4 0, 0, 4;  Assign to incr (store_vec4_to_lval)
    %jmp T_0.11;
T_0.1 ;
    %pushi/vec4 2, 0, 4;
    %ret/vec4 0, 0, 4;  Assign to incr (store_vec4_to_lval)
    %jmp T_0.11;
T_0.2 ;
    %pushi/vec4 3, 0, 4;
    %ret/vec4 0, 0, 4;  Assign to incr (store_vec4_to_lval)
    %jmp T_0.11;
T_0.3 ;
    %pushi/vec4 4, 0, 4;
    %ret/vec4 0, 0, 4;  Assign to incr (store_vec4_to_lval)
    %jmp T_0.11;
T_0.4 ;
    %pushi/vec4 5, 0, 4;
    %ret/vec4 0, 0, 4;  Assign to incr (store_vec4_to_lval)
    %jmp T_0.11;
T_0.5 ;
    %pushi/vec4 6, 0, 4;
    %ret/vec4 0, 0, 4;  Assign to incr (store_vec4_to_lval)
    %jmp T_0.11;
T_0.6 ;
    %pushi/vec4 7, 0, 4;
    %ret/vec4 0, 0, 4;  Assign to incr (store_vec4_to_lval)
    %jmp T_0.11;
T_0.7 ;
    %pushi/vec4 8, 0, 4;
    %ret/vec4 0, 0, 4;  Assign to incr (store_vec4_to_lval)
    %jmp T_0.11;
T_0.8 ;
    %pushi/vec4 9, 0, 4;
    %ret/vec4 0, 0, 4;  Assign to incr (store_vec4_to_lval)
    %jmp T_0.11;
T_0.9 ;
    %pushi/vec4 10, 0, 4;
    %ret/vec4 0, 0, 4;  Assign to incr (store_vec4_to_lval)
    %jmp T_0.11;
T_0.11 ;
    %pop/vec4 1;
    %end;
    .scope S_000002243f196020;
T_1 ;
    %wait E_000002243f185cf0;
    %load/vec4 v000002243f18f4b0_0;
    %cmpi/e 0, 0, 1;
    %jmp/0xz  T_1.0, 4;
    %pushi/vec4 0, 0, 1;
    %assign/vec4 v000002243f18f410_0, 0;
    %jmp T_1.1;
T_1.0 ;
    %load/vec4 v000002243f18f550_0;
    %assign/vec4 v000002243f18f410_0, 0;
T_1.1 ;
    %jmp T_1;
    .thread T_1;
    .scope S_000002243f2dda20;
T_2 ;
    %wait E_000002243f185cf0;
    %load/vec4 v000002243f18fd70_0;
    %cmpi/e 0, 0, 1;
    %jmp/0xz  T_2.0, 4;
    %pushi/vec4 0, 0, 1;
    %assign/vec4 v000002243f190270_0, 0;
    %jmp T_2.1;
T_2.0 ;
    %load/vec4 v000002243f1901d0_0;
    %assign/vec4 v000002243f190270_0, 0;
T_2.1 ;
    %jmp T_2;
    .thread T_2;
    .scope S_000002243f2ddbb0;
T_3 ;
    %wait E_000002243f185cf0;
    %load/vec4 v000002243f190090_0;
    %cmpi/e 0, 0, 1;
    %jmp/0xz  T_3.0, 4;
    %pushi/vec4 0, 0, 1;
    %assign/vec4 v000002243f18fc30_0, 0;
    %jmp T_3.1;
T_3.0 ;
    %load/vec4 v000002243f18f910_0;
    %assign/vec4 v000002243f18fc30_0, 0;
T_3.1 ;
    %jmp T_3;
    .thread T_3;
    .scope S_000002243f162b30;
T_4 ;
    %wait E_000002243f185cf0;
    %load/vec4 v000002243f18f870_0;
    %cmpi/e 0, 0, 1;
    %jmp/0xz  T_4.0, 4;
    %pushi/vec4 0, 0, 1;
    %assign/vec4 v000002243f18fb90_0, 0;
    %jmp T_4.1;
T_4.0 ;
    %load/vec4 v000002243f18f730_0;
    %assign/vec4 v000002243f18fb90_0, 0;
T_4.1 ;
    %jmp T_4;
    .thread T_4;
    .scope S_000002243f18c270;
T_5 ;
    %pushi/vec4 0, 0, 1;
    %store/vec4 v000002243f1edc40_0, 0, 1;
    %delay 500000, 0;
    %pushi/vec4 1, 0, 1;
    %store/vec4 v000002243f1edc40_0, 0, 1;
    %delay 500000, 0;
    %jmp T_5;
    .thread T_5;
    .scope S_000002243f18c270;
T_6 ;
    %pushi/vec4 1, 0, 1;
    %store/vec4 v000002243f1ed7e0_0, 0, 1;
    %delay 250000, 0;
    %pushi/vec4 0, 0, 1;
    %store/vec4 v000002243f1ed7e0_0, 0, 1;
    %delay 1000000, 0;
    %pushi/vec4 1, 0, 1;
    %store/vec4 v000002243f1ed7e0_0, 0, 1;
    %delay 15000000, 0;
    %vpi_call 2 28 "$finish" {0 0 0};
    %end;
    .thread T_6;
    .scope S_000002243f18c270;
T_7 ;
    %vpi_call 2 32 "$monitor", $stime, "clk=%b rst=%b cnt=%h", v000002243f1edc40_0, v000002243f1ed7e0_0, v000002243f1ed100_0 {0 0 0};
    %vpi_call 2 33 "$dumpfile", "coutner10.vcd" {0 0 0};
    %vpi_call 2 34 "$dumpvars", 32'sb00000000000000000000000000000000, S_000002243f18c270 {0 0 0};
    %end;
    .thread T_7;
# The file index is used to find the file name in the following table.
:file_names 6;
    "N/A";
    "<interactive>";
    ".\counter10_test.v";
    ".\counter10.v";
    ".\dff4bit.v";
    ".\dff.v";
