#! /c/Source/iverilog-install/bin/vvp
:ivl_version "12.0 (devel)" "(s20150603-1539-g2693dd32b)";
:ivl_delay_selection "TYPICAL";
:vpi_time_precision - 12;
:vpi_module "C:\iverilog\lib\ivl\system.vpi";
:vpi_module "C:\iverilog\lib\ivl\vhdl_sys.vpi";
:vpi_module "C:\iverilog\lib\ivl\vhdl_textio.vpi";
:vpi_module "C:\iverilog\lib\ivl\v2005_math.vpi";
:vpi_module "C:\iverilog\lib\ivl\va_math.vpi";
S_0000021d18f26360 .scope module, "dff_test" "dff_test" 2 4;
 .timescale -9 -12;
P_0000021d18f2a860 .param/l "STEP" 0 2 10, +C4<00000000000000000000001111101000>;
v0000021d18f6f840_0 .var "clk", 0 0;
v0000021d18f6f8e0_0 .var "d", 0 0;
v0000021d18f6f980_0 .net "q", 0 0, v0000021d18f26680_0;  1 drivers
v0000021d18f6fa20_0 .var "rst", 0 0;
S_0000021d18f264f0 .scope module, "dff0" "dff" 2 12, 3 3 0, S_0000021d18f26360;
 .timescale 0 0;
    .port_info 0 /INPUT 1 "CLK";
    .port_info 1 /INPUT 1 "RST";
    .port_info 2 /INPUT 1 "D";
    .port_info 3 /OUTPUT 1 "Q";
v0000021d1901baa0_0 .net "CLK", 0 0, v0000021d18f6f840_0;  1 drivers
v0000021d1901b4c0_0 .net "D", 0 0, v0000021d18f6f8e0_0;  1 drivers
v0000021d18f26680_0 .var "Q", 0 0;
v0000021d18f26720_0 .net "RST", 0 0, v0000021d18f6fa20_0;  1 drivers
E_0000021d18f29de0/0 .event negedge, v0000021d18f26720_0;
E_0000021d18f29de0/1 .event posedge, v0000021d1901baa0_0;
E_0000021d18f29de0 .event/or E_0000021d18f29de0/0, E_0000021d18f29de0/1;
    .scope S_0000021d18f264f0;
T_0 ;
    %wait E_0000021d18f29de0;
    %load/vec4 v0000021d18f26720_0;
    %cmpi/e 0, 0, 1;
    %jmp/0xz  T_0.0, 4;
    %pushi/vec4 0, 0, 1;
    %assign/vec4 v0000021d18f26680_0, 0;
    %jmp T_0.1;
T_0.0 ;
    %load/vec4 v0000021d1901b4c0_0;
    %assign/vec4 v0000021d18f26680_0, 0;
T_0.1 ;
    %jmp T_0;
    .thread T_0;
    .scope S_0000021d18f26360;
T_1 ;
    %pushi/vec4 0, 0, 1;
    %store/vec4 v0000021d18f6f840_0, 0, 1;
    %delay 500000, 0;
    %pushi/vec4 1, 0, 1;
    %store/vec4 v0000021d18f6f840_0, 0, 1;
    %delay 500000, 0;
    %jmp T_1;
    .thread T_1;
    .scope S_0000021d18f26360;
T_2 ;
    %pushi/vec4 1, 0, 1;
    %store/vec4 v0000021d18f6fa20_0, 0, 1;
    %pushi/vec4 1, 0, 1;
    %store/vec4 v0000021d18f6f8e0_0, 0, 1;
    %delay 250000, 0;
    %pushi/vec4 0, 0, 1;
    %store/vec4 v0000021d18f6fa20_0, 0, 1;
    %delay 1000000, 0;
    %pushi/vec4 1, 0, 1;
    %store/vec4 v0000021d18f6fa20_0, 0, 1;
    %delay 1100000, 0;
    %pushi/vec4 1, 0, 1;
    %store/vec4 v0000021d18f6f8e0_0, 0, 1;
    %delay 2100000, 0;
    %pushi/vec4 0, 0, 1;
    %store/vec4 v0000021d18f6f8e0_0, 0, 1;
    %delay 3100000, 0;
    %pushi/vec4 1, 0, 1;
    %store/vec4 v0000021d18f6f8e0_0, 0, 1;
    %delay 4100000, 0;
    %pushi/vec4 0, 0, 1;
    %store/vec4 v0000021d18f6f8e0_0, 0, 1;
    %delay 2000000, 0;
    %vpi_call 2 31 "$finish" {0 0 0};
    %end;
    .thread T_2;
    .scope S_0000021d18f26360;
T_3 ;
    %vpi_call 2 35 "$monitor", $stime, "clk=%b rst=%b d=%b q=%b", v0000021d18f6f840_0, v0000021d18f6fa20_0, v0000021d18f6f8e0_0, v0000021d18f6f980_0 {0 0 0};
    %vpi_call 2 36 "$dumpfile", "dff.vcd" {0 0 0};
    %vpi_call 2 37 "$dumpvars", 32'sb00000000000000000000000000000000, S_0000021d18f26360 {0 0 0};
    %end;
    .thread T_3;
# The file index is used to find the file name in the following table.
:file_names 4;
    "N/A";
    "<interactive>";
    ".\dff_test.v";
    ".\dff.v";
